<?xml version="1.0" encoding="UTF-8"?>
<!-- Generated by org.testng.reporters.JUnitXMLReporter -->
<testsuite ignored="0" hostname="JHUMA" failures="0" tests="4" name="Default test" time="11.913" errors="0" timestamp="2023-01-20T18:35:54 EST">
  <testcase classname="datadriven.DataDrivenTest" name="loginTest" time="4.049"/>
  <testcase classname="datadriven.DataDrivenTest" name="loginTest" time="0.828"/>
  <testcase classname="datadriven.DataDrivenTest" name="loginTest" time="0.775"/>
  <testcase classname="datadriven.DataDrivenTest" name="loginTest" time="0.794"/>
</testsuite> <!-- Default test -->
