<?xml version="1.0" encoding="UTF-8"?>
<testng-results ignored="0" total="4" passed="4" failed="0" skipped="0">
  <reporter-output>
  </reporter-output>
  <suite started-at="2023-01-20T18:35:43 EST" name="Default suite" finished-at="2023-01-20T18:35:54 EST" duration-ms="11913">
    <groups>
    </groups>
    <test started-at="2023-01-20T18:35:43 EST" name="Default test" finished-at="2023-01-20T18:35:54 EST" duration-ms="11913">
      <class name="datadriven.DataDrivenTest">
        <test-method is-config="true" signature="setup()[pri:0, instance:datadriven.DataDrivenTest@50b5ac82]" started-at="2023-01-20T18:35:43 EST" name="setup" finished-at="2023-01-20T18:35:46 EST" duration-ms="3456" status="PASS">
          <reporter-output>
          </reporter-output>
        </test-method> <!-- setup -->
        <test-method signature="loginTest(java.lang.String, java.lang.String, java.lang.String)[pri:0, instance:datadriven.DataDrivenTest@50b5ac82]" started-at="2023-01-20T18:35:48 EST" name="loginTest" data-provider="LoginData" finished-at="2023-01-20T18:35:52 EST" duration-ms="4049" status="PASS">
          <params>
            <param index="0">
              <value>
                <![CDATA[admin@yourstore.com ]]>
              </value>
            </param>
            <param index="1">
              <value>
                <![CDATA[admin]]>
              </value>
            </param>
            <param index="2">
              <value>
                <![CDATA[Valid]]>
              </value>
            </param>
          </params>
          <reporter-output>
          </reporter-output>
        </test-method> <!-- loginTest -->
        <test-method signature="loginTest(java.lang.String, java.lang.String, java.lang.String)[pri:0, instance:datadriven.DataDrivenTest@50b5ac82]" started-at="2023-01-20T18:35:52 EST" name="loginTest" data-provider="LoginData" finished-at="2023-01-20T18:35:53 EST" duration-ms="828" status="PASS">
          <params>
            <param index="0">
              <value>
                <![CDATA[admin@yourstore.com ]]>
              </value>
            </param>
            <param index="1">
              <value>
                <![CDATA[adm]]>
              </value>
            </param>
            <param index="2">
              <value>
                <![CDATA[Invalid]]>
              </value>
            </param>
          </params>
          <reporter-output>
          </reporter-output>
        </test-method> <!-- loginTest -->
        <test-method signature="loginTest(java.lang.String, java.lang.String, java.lang.String)[pri:0, instance:datadriven.DataDrivenTest@50b5ac82]" started-at="2023-01-20T18:35:53 EST" name="loginTest" data-provider="LoginData" finished-at="2023-01-20T18:35:53 EST" duration-ms="775" status="PASS">
          <params>
            <param index="0">
              <value>
                <![CDATA[adm@yourstore.com]]>
              </value>
            </param>
            <param index="1">
              <value>
                <![CDATA[admin]]>
              </value>
            </param>
            <param index="2">
              <value>
                <![CDATA[Invalid]]>
              </value>
            </param>
          </params>
          <reporter-output>
          </reporter-output>
        </test-method> <!-- loginTest -->
        <test-method signature="loginTest(java.lang.String, java.lang.String, java.lang.String)[pri:0, instance:datadriven.DataDrivenTest@50b5ac82]" started-at="2023-01-20T18:35:53 EST" name="loginTest" data-provider="LoginData" finished-at="2023-01-20T18:35:54 EST" duration-ms="794" status="PASS">
          <params>
            <param index="0">
              <value>
                <![CDATA[adm@yourstore.com]]>
              </value>
            </param>
            <param index="1">
              <value>
                <![CDATA[adm]]>
              </value>
            </param>
            <param index="2">
              <value>
                <![CDATA[Invalid]]>
              </value>
            </param>
          </params>
          <reporter-output>
          </reporter-output>
        </test-method> <!-- loginTest -->
        <test-method is-config="true" signature="tearDown()[pri:0, instance:datadriven.DataDrivenTest@50b5ac82]" started-at="2023-01-20T18:35:54 EST" name="tearDown" finished-at="2023-01-20T18:35:54 EST" duration-ms="254" status="PASS">
          <reporter-output>
          </reporter-output>
        </test-method> <!-- tearDown -->
      </class> <!-- datadriven.DataDrivenTest -->
    </test> <!-- Default test -->
  </suite> <!-- Default suite -->
</testng-results>
